proguard-sbt.txt
# for debugging, don't inline methods
#-dontoptimize
#-optimizationpasses 5

-dontobfuscate
-dontoptimize
-renamesourcefileattribute SourceFile
-keepattributes SourceFile,LineNumberTable
-verbose
-flattenpackagehierarchy

###
# Android config
###
-dontusemixedcaseclassnames
-dontskipnonpubliclibraryclasses
-dontpreverify

-optimizations !code/simplification/arithmetic,!code/simplification/cast,!field/*,!class/merging/*,!code/allocation/variable
#-optimizationpasses 5
#-allowaccessmodification

-keepattributes *Annotation*
-keep public class com.google.vending.licensing.ILicensingService
-keep public class com.android.vending.licensing.ILicensingService

-keepclasseswithmembernames class * {
    native <methods>;
}

# We want to keep methods in Activity that could be used in the XML attribute onClick
-keepclassmembers class * extends android.app.Activity {
   public void *(android.view.View);
}

# For enumeration classes, see http://proguard.sourceforge.net/manual/examples.html#enumerations
-keepclassmembers enum * {
    public static **[] values();
    public static ** valueOf(java.lang.String);
}

-keep class * implements android.os.Parcelable {
  public static final android.os.Parcelable$Creator *;
}

-dontnote android.annotation.**
-dontnote com.android.vending.licensing.**
-dontnote com.google.vending.licensing.**
-dontwarn android.support.**
-dontnote android.support.**

# keep setters in Views so that animations can still work.
# see http://proguard.sourceforge.net/manual/examples.html#beans
-keepclassmembers public class * extends android.view.View {
   void set*(***);
   *** get*();
}

-keepclassmembers class **.R$* {
    public static <fields>;
}

###
# Scala proguard config
###
-dontnote scala.ScalaObject
-dontnote org.xml.sax.EntityResolver
-dontnote scala.concurrent.forkjoin.**
-dontwarn scala.beans.ScalaBeanInfo
-dontwarn scala.concurrent.**
-dontnote scala.reflect.**
-dontwarn scala.reflect.**
-dontwarn scala.sys.process.package$

-dontwarn **$$anonfun$*
-dontwarn scala.collection.immutable.RedBlack$Empty
-dontwarn scala.tools.**,plugintemplate.**

-keep public class scala.reflect.ScalaSignature
# This is gone in 2.11
-keep public interface scala.ScalaObject

-keepclassmembers class * {
    ** MODULE$;
}

-keep class scala.collection.SeqLike {
    public java.lang.String toString();
}

-keepclassmembernames class scala.concurrent.forkjoin.ForkJoinPool {
    long eventCount;
    int  workerCounts;
    int  runControl;
    scala.concurrent.forkjoin.ForkJoinPool$WaitQueueNode syncStack;
    scala.concurrent.forkjoin.ForkJoinPool$WaitQueueNode spareStack;
}

-keepclassmembernames class scala.concurrent.forkjoin.ForkJoinWorkerThread {
    int base;
    int sp;
    int runState;
}

-keepclassmembernames class scala.concurrent.forkjoin.ForkJoinTask {
    int status;
}

-keepclassmembernames class scala.concurrent.forkjoin.LinkedTransferQueue {
    scala.concurrent.forkjoin.LinkedTransferQueue$PaddedAtomicReference head;
    scala.concurrent.forkjoin.LinkedTransferQueue$PaddedAtomicReference tail;
    scala.concurrent.forkjoin.LinkedTransferQueue$PaddedAtomicReference cleanMe;
}
# view res/layout/design_navigation_item.xml #generated:17
-keep class android.support.design.internal.NavigationMenuItemView { <init>(...); }

# view res/layout/design_navigation_menu.xml #generated:17
-keep class android.support.design.internal.NavigationMenuView { <init>(...); }

# view res/layout/design_layout_snackbar.xml #generated:18
# view sw600dp-v13/res/layout-sw600dp-v13/design_layout_snackbar.xml #generated:18
-keep class android.support.design.widget.Snackbar$SnackbarLayout { <init>(...); }

# view res/layout/dialog_component_edittext.xml #generated:7
-keep class android.support.design.widget.TextInputLayout { <init>(...); }

# view res/layout/activity_base_drawer.xml #generated:2
-keep class android.support.v4.widget.DrawerLayout { <init>(...); }

# view res/layout/abc_alert_dialog_material.xml #generated:75
-keep class android.support.v4.widget.NestedScrollView { <init>(...); }

# view res/layout/abc_alert_dialog_button_bar_material.xml #generated:40
-keep class android.support.v4.widget.Space { <init>(...); }

# view res/layout/abc_action_menu_item_layout.xml #generated:17
-keep class android.support.v7.internal.view.menu.ActionMenuItemView { <init>(...); }

# view res/layout/abc_expanded_menu_layout.xml #generated:17
-keep class android.support.v7.internal.view.menu.ExpandedMenuView { <init>(...); }

# view res/layout/abc_list_menu_item_layout.xml #generated:17
# view res/layout/abc_popup_menu_item_layout.xml #generated:17
-keep class android.support.v7.internal.view.menu.ListMenuItemView { <init>(...); }

# view res/layout/abc_screen_toolbar.xml #generated:27
-keep class android.support.v7.internal.widget.ActionBarContainer { <init>(...); }

# view res/layout/abc_action_mode_bar.xml #generated:19
# view res/layout/abc_screen_toolbar.xml #generated:43
-keep class android.support.v7.internal.widget.ActionBarContextView { <init>(...); }

# view res/layout/abc_screen_toolbar.xml #generated:17
-keep class android.support.v7.internal.widget.ActionBarOverlayLayout { <init>(...); }

# view res/layout/abc_activity_chooser_view.xml #generated:19
-keep class android.support.v7.internal.widget.ActivityChooserView$InnerLayout { <init>(...); }

# view res/layout/abc_alert_dialog_button_bar_material.xml #generated:18
-keep class android.support.v7.internal.widget.ButtonBarLayout { <init>(...); }

# view res/layout/abc_screen_content_include.xml #generated:19
-keep class android.support.v7.internal.widget.ContentFrameLayout { <init>(...); }

# view res/layout/abc_alert_dialog_material.xml #generated:48
-keep class android.support.v7.internal.widget.DialogTitle { <init>(...); }

# view res/layout/abc_screen_simple_overlay_action_mode.xml #generated:23
-keep class android.support.v7.internal.widget.FitWindowsFrameLayout { <init>(...); }

# view res/layout/abc_dialog_title_material.xml #generated:22
# view res/layout/abc_screen_simple.xml #generated:17
-keep class android.support.v7.internal.widget.FitWindowsLinearLayout { <init>(...); }

# view res/layout/abc_screen_simple.xml #generated:25
# view res/layout/abc_screen_simple_overlay_action_mode.xml #generated:32
-keep class android.support.v7.internal.widget.ViewStubCompat { <init>(...); }

# view res/layout/abc_action_menu_layout.xml #generated:17
-keep class android.support.v7.widget.ActionMenuView { <init>(...); }

# view res/layout/dialog_component_edittext.xml #generated:11
-keep class android.support.v7.widget.AppCompatEditText { <init>(...); }

# view res/layout/popup_window.xml #generated:2
# view res/layout/row_main_note.xml #generated:4
# view res/layout/row_note_rubbish.xml #generated:2
-keep class android.support.v7.widget.CardView { <init>(...); }

# view res/layout/activity_check_list.xml #generated:43
# view res/layout/activity_component_rubbish.xml #generated:21
# view res/layout/activity_component_setting_page.xml #generated:21
# view res/layout/fragment_page.xml #generated:8
-keep class android.support.v7.widget.RecyclerView { <init>(...); }

# view res/layout/abc_search_view.xml #generated:78
-keep class android.support.v7.widget.SearchView$SearchAutoComplete { <init>(...); }

# view res/layout/abc_screen_toolbar.xml #generated:36
# view res/layout/activity_base.xml #generated:13
# view res/layout/activity_base_drawer.xml #generated:29
# view res/layout/activity_check_list.xml #generated:53
# view res/layout/activity_note_edit.xml #generated:109
-keep class android.support.v7.widget.Toolbar { <init>(...); }

# view AndroidManifest.xml #generated:65
-keep class android.test.InstrumentationTestRunner { <init>(...); }

# view AndroidManifest.xml #generated:11
-keep class com.android.perrier1034.post_it_note.App { <init>(...); }

# view AndroidManifest.xml #generated:50
-keep class com.android.perrier1034.post_it_note.receiver.AlarmBroadcastReceiver { <init>(...); }

# view AndroidManifest.xml #generated:19
-keep class com.android.perrier1034.post_it_note.ui.CheckListActivity { <init>(...); }

# view AndroidManifest.xml #generated:15
-keep class com.android.perrier1034.post_it_note.ui.NoteEditActivity { <init>(...); }

# view AndroidManifest.xml #generated:25
-keep class com.android.perrier1034.post_it_note.ui.PageManager { <init>(...); }

# view AndroidManifest.xml #generated:42
-keep class com.android.perrier1034.post_it_note.ui.PageSettingActivity { <init>(...); }

# view AndroidManifest.xml #generated:46
-keep class com.android.perrier1034.post_it_note.ui.RubbishActivity { <init>(...); }

# view AndroidManifest.xml #generated:38
-keep class com.android.perrier1034.post_it_note.ui.SettingActivity { <init>(...); }

# view res/layout/activity_base_drawer.xml #generated:49
# view res/layout/activity_base_drawer.xml #generated:56
-keep class com.android.perrier1034.post_it_note.ui.fab.FloatingActionButton { <init>(...); }

# view res/layout/activity_base_drawer.xml #generated:40
-keep class com.android.perrier1034.post_it_note.ui.fab.FloatingActionsMenu { <init>(...); }

# view res/layout/row_check.xml #generated:23
-keep class com.android.perrier1034.post_it_note.ui.views.HackyEditText { <init>(...); }

# view res/layout/activity_note_edit.xml #generated:2
-keep class com.android.perrier1034.post_it_note.ui.views.LinearLayoutEx { <init>(...); }

# view res/layout/activity_component_pager.xml #generated:19
# view res/layout/dialog_photo_viewer.xml #generated:2
-keep class com.android.perrier1034.post_it_note.ui.views.LockableViewPager { <init>(...); }

# view res/layout/activity_note_edit.xml #generated:12
-keep class com.android.perrier1034.post_it_note.ui.views.ScrollViewEx { <init>(...); }

# view res/layout/activity_component_pager.xml #generated:9
-keep class com.astuetz.PagerSlidingTabStrip { <init>(...); }

# view AndroidManifest.xml #generated:37
-keep class com.evernote.client.android.EvernoteOAuthActivity { <init>(...); }

# view AndroidManifest.xml #generated:61
-keep class com.evernote.client.android.login.EvernoteLoginActivity { <init>(...); }

# view AndroidManifest.xml #generated:62
-keep class com.h6ah4i.android.widget.advrecyclerview.TestActivity { <init>(...); }

# view res/layout/view_date_picker.xml #generated:7
-keep class com.prolificinteractive.materialcalendarview.MaterialCalendarView { <init>(...); }