proguard_logs/seeds.txt
com.android.perrier1034.post_it_note.App
com.android.perrier1034.post_it_note.App: App()
com.android.perrier1034.post_it_note.App$: com.android.perrier1034.post_it_note.App$ MODULE$
com.android.perrier1034.post_it_note.App$Cache_Floating$: com.android.perrier1034.post_it_note.App$Cache_Floating$ MODULE$
com.android.perrier1034.post_it_note.App$Cache_PSA$: com.android.perrier1034.post_it_note.App$Cache_PSA$ MODULE$
com.android.perrier1034.post_it_note.Background$: com.android.perrier1034.post_it_note.Background$ MODULE$
com.android.perrier1034.post_it_note.Constants$: com.android.perrier1034.post_it_note.Constants$ MODULE$
com.android.perrier1034.post_it_note.EdamService$: com.android.perrier1034.post_it_note.EdamService$ MODULE$
com.android.perrier1034.post_it_note.Foreground$: com.android.perrier1034.post_it_note.Foreground$ MODULE$
com.android.perrier1034.post_it_note.R$anim: int slide_down
com.android.perrier1034.post_it_note.R$anim: int slide_up
com.android.perrier1034.post_it_note.R$array: int colors
com.android.perrier1034.post_it_note.R$array: int textsize_entries
com.android.perrier1034.post_it_note.R$array: int textsize_entryvalues
com.android.perrier1034.post_it_note.R$attr: int fab_addButtonColorNormal
com.android.perrier1034.post_it_note.R$attr: int fab_addButtonColorPressed
com.android.perrier1034.post_it_note.R$attr: int fab_addButtonPlusIconColor
com.android.perrier1034.post_it_note.R$attr: int fab_colorNormal
com.android.perrier1034.post_it_note.R$attr: int fab_colorPressed
com.android.perrier1034.post_it_note.R$attr: int fab_expandDirection
com.android.perrier1034.post_it_note.R$attr: int fab_icon
com.android.perrier1034.post_it_note.R$attr: int fab_labelStyle
com.android.perrier1034.post_it_note.R$attr: int fab_plusIconColor
com.android.perrier1034.post_it_note.R$attr: int fab_size
com.android.perrier1034.post_it_note.R$attr: int fab_title
com.android.perrier1034.post_it_note.R$bool: int translucentNavBar
com.android.perrier1034.post_it_note.R$color: int bg_compose
com.android.perrier1034.post_it_note.R$color: int bg_group_item_dragging_active_state
com.android.perrier1034.post_it_note.R$color: int bg_group_item_dragging_state
com.android.perrier1034.post_it_note.R$color: int bg_group_item_expanded_pressed_state
com.android.perrier1034.post_it_note.R$color: int bg_group_item_expanded_state
com.android.perrier1034.post_it_note.R$color: int bg_group_item_normal_pressed_state
com.android.perrier1034.post_it_note.R$color: int bg_group_item_normal_state
com.android.perrier1034.post_it_note.R$color: int bg_group_item_swiping_active_state
com.android.perrier1034.post_it_note.R$color: int bg_group_item_swiping_state
com.android.perrier1034.post_it_note.R$color: int bg_item_dragging_active_state
com.android.perrier1034.post_it_note.R$color: int bg_item_dragging_state
com.android.perrier1034.post_it_note.R$color: int bg_item_normal_pressed_state
com.android.perrier1034.post_it_note.R$color: int bg_item_normal_state
com.android.perrier1034.post_it_note.R$color: int bg_item_swiping_active_state
com.android.perrier1034.post_it_note.R$color: int bg_item_swiping_state
com.android.perrier1034.post_it_note.R$color: int bg_swipe_group_item_left
com.android.perrier1034.post_it_note.R$color: int bg_swipe_group_item_right
com.android.perrier1034.post_it_note.R$color: int bg_swipe_item_left
com.android.perrier1034.post_it_note.R$color: int bg_swipe_item_neutral
...
scala.io.Position$: scala.io.Position$ MODULE$
scala.io.Source$: scala.io.Source$ MODULE$
scala.io.StdIn$: scala.io.StdIn$ MODULE$
scala.language$: scala.language$ MODULE$
scala.language$experimental$: scala.language$experimental$ MODULE$
scala.languageFeature$: scala.languageFeature$ MODULE$
scala.languageFeature$dynamics$: scala.languageFeature$dynamics$ MODULE$
scala.languageFeature$existentials$: scala.languageFeature$existentials$ MODULE$
scala.languageFeature$experimental$: scala.languageFeature$experimental$ MODULE$
scala.languageFeature$experimental$macros$: scala.languageFeature$experimental$macros$ MODULE$
scala.languageFeature$higherKinds$: scala.languageFeature$higherKinds$ MODULE$
scala.languageFeature$implicitConversions$: scala.languageFeature$implicitConversions$ MODULE$
scala.languageFeature$postfixOps$: scala.languageFeature$postfixOps$ MODULE$
scala.languageFeature$reflectiveCalls$: scala.languageFeature$reflectiveCalls$ MODULE$
scala.math.BigDecimal$: scala.math.BigDecimal$ MODULE$
scala.math.BigDecimal$RoundingMode$: scala.math.BigDecimal$RoundingMode$ MODULE$
scala.math.BigInt$: scala.math.BigInt$ MODULE$
scala.math.Equiv$: scala.math.Equiv$ MODULE$
scala.math.Fractional$: scala.math.Fractional$ MODULE$
scala.math.Fractional$Implicits$: scala.math.Fractional$Implicits$ MODULE$
scala.math.Integral$: scala.math.Integral$ MODULE$
scala.math.Integral$Implicits$: scala.math.Integral$Implicits$ MODULE$
scala.math.Numeric$: scala.math.Numeric$ MODULE$
scala.math.Numeric$BigDecimalAsIfIntegral$: scala.math.Numeric$BigDecimalAsIfIntegral$ MODULE$
scala.math.Numeric$BigDecimalIsFractional$: scala.math.Numeric$BigDecimalIsFractional$ MODULE$
scala.math.Numeric$BigIntIsIntegral$: scala.math.Numeric$BigIntIsIntegral$ MODULE$
scala.math.Numeric$ByteIsIntegral$: scala.math.Numeric$ByteIsIntegral$ MODULE$
scala.math.Numeric$CharIsIntegral$: scala.math.Numeric$CharIsIntegral$ MODULE$
scala.math.Numeric$DoubleAsIfIntegral$: scala.math.Numeric$DoubleAsIfIntegral$ MODULE$
scala.math.Numeric$DoubleIsFractional$: scala.math.Numeric$DoubleIsFractional$ MODULE$
scala.math.Numeric$FloatAsIfIntegral$: scala.math.Numeric$FloatAsIfIntegral$ MODULE$
scala.math.Numeric$FloatIsFractional$: scala.math.Numeric$FloatIsFractional$ MODULE$
scala.math.Numeric$Implicits$: scala.math.Numeric$Implicits$ MODULE$
scala.math.Numeric$IntIsIntegral$: scala.math.Numeric$IntIsIntegral$ MODULE$
scala.math.Numeric$LongIsIntegral$: scala.math.Numeric$LongIsIntegral$ MODULE$
scala.math.Numeric$ShortIsIntegral$: scala.math.Numeric$ShortIsIntegral$ MODULE$
scala.math.Ordered$: scala.math.Ordered$ MODULE$
scala.math.Ordering$: scala.math.Ordering$ MODULE$
scala.math.Ordering$BigDecimal$: scala.math.Ordering$BigDecimal$ MODULE$
scala.math.Ordering$BigInt$: scala.math.Ordering$BigInt$ MODULE$
scala.math.Ordering$Boolean$: scala.math.Ordering$Boolean$ MODULE$
scala.math.Ordering$Byte$: scala.math.Ordering$Byte$ MODULE$
scala.math.Ordering$Char$: scala.math.Ordering$Char$ MODULE$
scala.math.Ordering$Double$: scala.math.Ordering$Double$ MODULE$
scala.math.Ordering$Float$: scala.math.Ordering$Float$ MODULE$
scala.math.Ordering$Implicits$: scala.math.Ordering$Implicits$ MODULE$
scala.math.Ordering$Int$: scala.math.Ordering$Int$ MODULE$
scala.math.Ordering$Long$: scala.math.Ordering$Long$ MODULE$
scala.math.Ordering$Short$: scala.math.Ordering$Short$ MODULE$
scala.math.Ordering$String$: scala.math.Ordering$String$ MODULE$
scala.math.Ordering$Unit$: scala.math.Ordering$Unit$ MODULE$
scala.math.package$: scala.math.package$ MODULE$
scala.package$: scala.package$ MODULE$
scala.ref.WeakReference$: scala.ref.WeakReference$ MODULE$
scala.reflect.ClassManifestFactory$: scala.reflect.ClassManifestFactory$ MODULE$
scala.reflect.ClassTag$: scala.reflect.ClassTag$ MODULE$
scala.reflect.ManifestFactory$: scala.reflect.ManifestFactory$ MODULE$
scala.reflect.NameTransformer$: scala.reflect.NameTransformer$ MODULE$
scala.reflect.NoManifest$: scala.reflect.NoManifest$ MODULE$