proguard_logs/usage.txt
com.android.perrier1034.post_it_note.App:
    public static scala.Option bytes2hex$default$2()
    public static int genUniqueNum()
    public static void sUniqueId_$eq(int)
    public static int sUniqueId()
    public static java.lang.String makeUUIDString()
    public static java.lang.String imageDirName()
    public static boolean isStorageAvailable()
    public static java.io.File storageDirName()
    public static java.io.File getStorageDir()
    public static int showStackTrace()
    public static int Le(java.lang.Object,java.lang.Exception)
    public static int L(java.lang.String)
    public static int L(java.lang.Object,java.lang.String)
    public static boolean toastLongInUI(java.lang.String)
    public static boolean toastShortInUI(int)
    public static boolean toastShortInUI(java.lang.String)
    public static void toastShort(int)
    public static void toastShort(java.lang.String)
    public static float getDisplayScale(android.content.Context)
    public static java.lang.String bytes2hex(byte[],scala.Option)
    public static com.android.perrier1034.post_it_note.App getInstance()
    public static android.os.Handler toastHandler()
    public static void sInstance_$eq(com.android.perrier1034.post_it_note.App)
    public static com.android.perrier1034.post_it_note.App sInstance()
    public static java.lang.String DB_NAME()
    public static java.lang.String AUTHOR()
    public static java.lang.String TAG()
    public static java.lang.String NAME()
com.android.perrier1034.post_it_note.App$:
    23:23:public java.lang.String AUTHOR()
    67:67:public boolean toastLongInUI(java.lang.String)
    72:72:public int L(java.lang.Object,java.lang.String)
    74:74:public int Le(java.lang.Object,java.lang.Exception)
    76:77:public int showStackTrace()
    81:81:public java.io.File getStorageDir()
    83:83:public boolean isStorageAvailable()
com.android.perrier1034.post_it_note.App$$anon$3
com.android.perrier1034.post_it_note.App$$anonfun$bytes2hex$1:
    public static final long serialVersionUID
com.android.perrier1034.post_it_note.App$$anonfun$bytes2hex$2:
    public static final long serialVersionUID
com.android.perrier1034.post_it_note.Background
com.android.perrier1034.post_it_note.BuildConfig
com.android.perrier1034.post_it_note.Constants
com.android.perrier1034.post_it_note.Constants$:
    36:36:public int COLOR_ICS_BLUE()
    37:37:public int DRAWER_ITEM_NOT_SELECTED()
    38:38:public float DEFAULT_TEXT_SIZE_NOTE_SMALL()
    39:39:public float DEFAULT_TEXT_SIZE_NOTE_MEDIUM()
    40:40:public float DEFAULT_TEXT_SIZE_NOTE_LARGE()
    46:46:public java.lang.String NOTE_ORDER_id()
com.android.perrier1034.post_it_note.EdamService
com.android.perrier1034.post_it_note.EdamService$:
    30:30:public java.lang.String noteStoreUrl()
com.android.perrier1034.post_it_note.EdamService$$anonfun$com$android$perrier1034$post_it_note$EdamService$$notes2ENotesRealm$1:
    public static final long serialVersionUID
com.android.perrier1034.post_it_note.EdamService$$anonfun$com$android$perrier1034$post_it_note$EdamService$$notes2ENotesRealm$1$$anonfun$apply$1:
    public static final long serialVersionUID
com.android.perrier1034.post_it_note.EdamService$$anonfun$com$android$perrier1034$post_it_note$EdamService$$notes2ENotesRealm$1$$anonfun$apply$2:
    public static final long serialVersionUID
com.android.perrier1034.post_it_note.EdamService$$anonfun$com$android$perrier1034$post_it_note$EdamService$$notes2ENotesRealm$1$$anonfun$apply$3:
    public static final long serialVersionUID
com.android.perrier1034.post_it_note.EdamService$$anonfun$com$android$perrier1034$post_it_note$EdamService$$notes2ENotesRealm$1$$anonfun$apply$4:
    public static final long serialVersionUID
com.android.perrier1034.post_it_note.EdamService$$anonfun$saveNotesRealm$1:
    public static final long serialVersionUID
com.android.perrier1034.post_it_note.EdamService$$anonfun$saveNotesRealm$1$$anonfun$1:
    public static final long serialVersionUID
...
android.support.v4.widget.ExploreByTouchHelper$1
android.support.v4.widget.ExploreByTouchHelper$ExploreByTouchNodeProvider
android.support.v4.widget.ListPopupWindowCompat
android.support.v4.widget.ListPopupWindowCompat$BaseListPopupWindowImpl
android.support.v4.widget.ListPopupWindowCompat$KitKatListPopupWindowImpl
android.support.v4.widget.ListPopupWindowCompat$ListPopupWindowImpl
android.support.v4.widget.ListPopupWindowCompatKitKat
android.support.v4.widget.MaterialProgressDrawable
android.support.v4.widget.MaterialProgressDrawable$1
android.support.v4.widget.MaterialProgressDrawable$2
android.support.v4.widget.MaterialProgressDrawable$3
android.support.v4.widget.MaterialProgressDrawable$ProgressDrawableSize
android.support.v4.widget.MaterialProgressDrawable$Ring
android.support.v4.widget.NestedScrollView:
    static final int ANIMATED_SCROLL_GAP
    static final float MAX_SCROLL_FACTOR
    private static final java.lang.String TAG
    private static final int INVALID_POINTER
    436:436:public boolean isFillViewport()
    459:459:public boolean isSmoothScrollingEnabled()
android.support.v4.widget.PopupMenuCompat
android.support.v4.widget.PopupMenuCompat$BasePopupMenuImpl
android.support.v4.widget.PopupMenuCompat$KitKatPopupMenuImpl
android.support.v4.widget.PopupMenuCompat$PopupMenuImpl
android.support.v4.widget.PopupMenuCompatKitKat
android.support.v4.widget.PopupWindowCompat:
    149:151:private PopupWindowCompat()
    191:191:public static boolean getOverlapAnchor(android.widget.PopupWindow)
    213:213:public static int getWindowLayoutType(android.widget.PopupWindow)
android.support.v4.widget.PopupWindowCompat$Api21PopupWindowImpl:
    104:104:public boolean getOverlapAnchor(android.widget.PopupWindow)
android.support.v4.widget.PopupWindowCompat$Api23PopupWindowImpl:
    116:116:public boolean getOverlapAnchor(android.widget.PopupWindow)
    126:126:public int getWindowLayoutType(android.widget.PopupWindow)
android.support.v4.widget.PopupWindowCompat$BasePopupWindowImpl:
    56:56:public boolean getOverlapAnchor(android.widget.PopupWindow)
    66:66:public int getWindowLayoutType(android.widget.PopupWindow)
android.support.v4.widget.PopupWindowCompat$GingerbreadPopupWindowImpl:
    81:81:public int getWindowLayoutType(android.widget.PopupWindow)
android.support.v4.widget.PopupWindowCompat$PopupWindowImpl:
    public abstract boolean getOverlapAnchor(android.widget.PopupWindow)
    public abstract int getWindowLayoutType(android.widget.PopupWindow)
android.support.v4.widget.PopupWindowCompatApi21:
    private static final java.lang.String TAG
    24:24:PopupWindowCompatApi21()
    50:57:static boolean getOverlapAnchor(android.widget.PopupWindow)
android.support.v4.widget.PopupWindowCompatApi23:
    21:21:PopupWindowCompatApi23()
    28:28:static boolean getOverlapAnchor(android.widget.PopupWindow)
    36:36:static int getWindowLayoutType(android.widget.PopupWindow)
android.support.v4.widget.PopupWindowCompatGingerbread:
    private static java.lang.reflect.Method sGetWindowLayoutTypeMethod
    private static boolean sGetWindowLayoutTypeMethodAttempted
    26:26:PopupWindowCompatGingerbread()
    55:73:static int getWindowLayoutType(android.widget.PopupWindow)
android.support.v4.widget.PopupWindowCompatKitKat:
    27:27:PopupWindowCompatKitKat()
android.support.v4.widget.ResourceCursorAdapter:
    54:57:public ResourceCursorAdapter(android.content.Context,int,android.database.Cursor)
    93:96:public ResourceCursorAdapter(android.content.Context,int,android.database.Cursor,int)
    120:121:public void setViewResource(int)
    129:130:public void setDropDownViewResource(int)
android.support.v4.widget.ScrollerCompat:
    private static final java.lang.String TAG
    static final int CHASE_FRAME_TIME
    479:480:public void notifyHorizontalEdgeReached(int,int,int)
    496:497:public void notifyVerticalEdgeReached(int,int,int)
    513:513:public boolean isOverScrolled()